<?xml version="1.0" encoding="UTF-8"?>
<testng-results ignored="0" total="2" passed="2" failed="0" skipped="0">
  <reporter-output>
  </reporter-output>
  <suite started-at="2023-12-19T15:12:59 IST" name="Default suite" finished-at="2023-12-19T15:13:06 IST" duration-ms="6306">
    <groups>
    </groups>
    <test started-at="2023-12-19T15:12:59 IST" name="Default test" finished-at="2023-12-19T15:13:06 IST" duration-ms="6306">
      <class name="courseEndProject.AssignmentDemo2">
        <test-method signature="assignment002Post()[pri:49, instance:courseEndProject.AssignmentDemo2@2e2ff723]" started-at="2023-12-19T15:12:59 IST" name="assignment002Post" finished-at="2023-12-19T15:13:04 IST" duration-ms="4643" status="PASS">
          <reporter-output>
          </reporter-output>
        </test-method> <!-- assignment002Post -->
        <test-method signature="assignment002Put()[pri:50, instance:courseEndProject.AssignmentDemo2@2e2ff723]" started-at="2023-12-19T15:13:04 IST" name="assignment002Put" finished-at="2023-12-19T15:13:06 IST" depends-on-methods="courseEndProject.AssignmentDemo2.assignment002Post" duration-ms="1596" status="PASS">
          <reporter-output>
          </reporter-output>
        </test-method> <!-- assignment002Put -->
      </class> <!-- courseEndProject.AssignmentDemo2 -->
    </test> <!-- Default test -->
  </suite> <!-- Default suite -->
</testng-results>
